<?xml version="1.0" encoding="UTF-8" ?>
<testsuite failures="0" time="0.661" errors="1" skipped="0" tests="1" name="example.Test1">
  <properties>
    <property name="java.runtime.name" value="Java(TM) SE Runtime Environment"/>
    <property name="sun.boot.library.path" value="/System/Library/Java/JavaVirtualMachines/1.6.0.jdk/Contents/Libraries"/>
    <property name="java.vm.version" value="20.8-b03-424"/>
    <property name="awt.nativeDoubleBuffering" value="true"/>
    <property name="gopherProxySet" value="false"/>
    <property name="mrj.build" value="11M3720"/>
    <property name="java.vm.vendor" value="Apple Inc."/>
    <property name="java.vendor.url" value="http://www.apple.com/"/>
    <property name="path.separator" value=":"/>
    <property name="java.vm.name" value="Java HotSpot(TM) 64-Bit Server VM"/>
    <property name="file.encoding.pkg" value="sun.io"/>
    <property name="user.country" value="US"/>
    <property name="sun.java.launcher" value="SUN_STANDARD"/>
    <property name="sun.os.patch.level" value="unknown"/>
    <property name="java.vm.specification.name" value="Java Virtual Machine Specification"/>
    <property name="user.dir" value="/Users/daniel/Documents/workspace-eclipse/kunderatest/app-package"/>
    <property name="java.runtime.version" value="1.6.0_33-b03-424-11M3720"/>
    <property name="java.awt.graphicsenv" value="apple.awt.CGraphicsEnvironment"/>
    <property name="basedir" value="/Users/daniel/Documents/workspace-eclipse/kunderatest/app-package"/>
    <property name="java.endorsed.dirs" value="/System/Library/Java/JavaVirtualMachines/1.6.0.jdk/Contents/Home/lib/endorsed"/>
    <property name="os.arch" value="x86_64"/>
    <property name="surefire.real.class.path" value="/Users/daniel/Documents/workspace-eclipse/kunderatest/app-package/target/surefire/surefirebooter4680830734119767749.jar"/>
    <property name="java.io.tmpdir" value="/var/folders/8y/djr8djxx08x4jzcvxybcz4240000gn/T/"/>
    <property name="line.separator" value="
"/>
    <property name="java.vm.specification.vendor" value="Sun Microsystems Inc."/>
    <property name="tapestry.execution-mode" value="Qa"/>
    <property name="os.name" value="Mac OS X"/>
    <property name="sun.jnu.encoding" value="MacRoman"/>
    <property name="java.library.path" value="/opt/subversion/lib:/usr/lib::.:/Library/Java/Extensions:/System/Library/Java/Extensions:/usr/lib/java"/>
    <property name="surefire.test.class.path" value="/Users/daniel/Documents/workspace-eclipse/kunderatest/app-package/target/test-classes:/Users/daniel/Documents/workspace-eclipse/kunderatest/app-package/target/classes:/Users/daniel/.m2/repository/example/core/0.0.1-SNAPSHOT/core-0.0.1-SNAPSHOT.jar:/Users/daniel/.m2/repository/junit/junit/4.5/junit-4.5.jar:/Users/daniel/.m2/repository/com/impetus/client/kundera-cassandra/2.0.8-SNAPSHOT/kundera-cassandra-2.0.8-SNAPSHOT.jar:/Users/daniel/.m2/repository/com/impetus/core/kundera-core/2.0.8-SNAPSHOT/kundera-core-2.0.8-SNAPSHOT.jar:/Users/daniel/.m2/repository/commons-lang/commons-lang/2.4/commons-lang-2.4.jar:/Users/daniel/.m2/repository/javax/persistence/persistence-api/2.0/persistence-api-2.0.jar:/Users/daniel/.m2/repository/org/apache/lucene/lucene-core/3.4.0/lucene-core-3.4.0.jar:/Users/daniel/.m2/repository/cglib/cglib/2.2.2/cglib-2.2.2.jar:/Users/daniel/.m2/repository/asm/asm/3.3.1/asm-3.3.1.jar:/Users/daniel/.m2/repository/commons-logging/commons-logging/1.1.1/commons-logging-1.1.1.jar:/Users/daniel/.m2/repository/net/sf/ehcache/ehcache-core/2.5.2/ehcache-core-2.5.2.jar:/Users/daniel/.m2/repository/javassist/javassist/3.9.0.GA/javassist-3.9.0.GA.jar:/Users/daniel/.m2/repository/com/google/guava/guava/r08/guava-r08.jar:/Users/daniel/.m2/repository/org/hibernate/hibernate-core/3.6.8.Final/hibernate-core-3.6.8.Final.jar:/Users/daniel/.m2/repository/antlr/antlr/2.7.6/antlr-2.7.6.jar:/Users/daniel/.m2/repository/commons-collections/commons-collections/3.1/commons-collections-3.1.jar:/Users/daniel/.m2/repository/dom4j/dom4j/1.6.1/dom4j-1.6.1.jar:/Users/daniel/.m2/repository/org/hibernate/hibernate-commons-annotations/3.2.0.Final/hibernate-commons-annotations-3.2.0.Final.jar:/Users/daniel/.m2/repository/org/hibernate/javax/persistence/hibernate-jpa-2.0-api/1.0.1.Final/hibernate-jpa-2.0-api-1.0.1.Final.jar:/Users/daniel/.m2/repository/javax/transaction/jta/1.1/jta-1.1.jar:/Users/daniel/.m2/repository/org/hibernate/hibernate-entitymanager/3.6.8.Final/hibernate-entitymanager-3.6.8.Final.jar:/Users/daniel/.m2/repository/org/cloner/Cloner/1.0.0.B1/Cloner-1.0.0.B1.jar:/Users/daniel/.m2/repository/org/apache/cassandra/cassandra-thrift/1.1.2/cassandra-thrift-1.1.2.jar:/Users/daniel/.m2/repository/org/slf4j/slf4j-api/1.6.1/slf4j-api-1.6.1.jar:/Users/daniel/.m2/repository/org/apache/thrift/libthrift/0.7.0/libthrift-0.7.0.jar:/Users/daniel/.m2/repository/javax/servlet/servlet-api/2.5/servlet-api-2.5.jar:/Users/daniel/.m2/repository/org/apache/httpcomponents/httpclient/4.0.1/httpclient-4.0.1.jar:/Users/daniel/.m2/repository/org/apache/httpcomponents/httpcore/4.0.1/httpcore-4.0.1.jar:/Users/daniel/.m2/repository/org/apache/cassandra/cassandra-all/1.1.2/cassandra-all-1.1.2.jar:/Users/daniel/.m2/repository/org/xerial/snappy/snappy-java/1.0.4.1/snappy-java-1.0.4.1.jar:/Users/daniel/.m2/repository/com/ning/compress-lzf/0.8.4/compress-lzf-0.8.4.jar:/Users/daniel/.m2/repository/commons-cli/commons-cli/1.1/commons-cli-1.1.jar:/Users/daniel/.m2/repository/commons-codec/commons-codec/1.2/commons-codec-1.2.jar:/Users/daniel/.m2/repository/com/googlecode/concurrentlinkedhashmap/concurrentlinkedhashmap-lru/1.3/concurrentlinkedhashmap-lru-1.3.jar:/Users/daniel/.m2/repository/org/antlr/antlr/3.2/antlr-3.2.jar:/Users/daniel/.m2/repository/org/antlr/antlr-runtime/3.2/antlr-runtime-3.2.jar:/Users/daniel/.m2/repository/org/antlr/stringtemplate/3.2/stringtemplate-3.2.jar:/Users/daniel/.m2/repository/org/apache/cassandra/deps/avro/1.4.0-cassandra-1/avro-1.4.0-cassandra-1.jar:/Users/daniel/.m2/repository/org/mortbay/jetty/jetty/6.1.22/jetty-6.1.22.jar:/Users/daniel/.m2/repository/org/mortbay/jetty/jetty-util/6.1.22/jetty-util-6.1.22.jar:/Users/daniel/.m2/repository/org/mortbay/jetty/servlet-api/2.5-20081211/servlet-api-2.5-20081211.jar:/Users/daniel/.m2/repository/org/codehaus/jackson/jackson-core-asl/1.9.2/jackson-core-asl-1.9.2.jar:/Users/daniel/.m2/repository/org/codehaus/jackson/jackson-mapper-asl/1.9.2/jackson-mapper-asl-1.9.2.jar:/Users/daniel/.m2/repository/jline/jline/0.9.94/jline-0.9.94.jar:/Users/daniel/.m2/repository/com/googlecode/json-simple/json-simple/1.1/json-simple-1.1.jar:/Users/daniel/.m2/repository/com/github/stephenc/high-scale-lib/high-scale-lib/1.1.2/high-scale-lib-1.1.2.jar:/Users/daniel/.m2/repository/org/yaml/snakeyaml/1.6/snakeyaml-1.6.jar:/Users/daniel/.m2/repository/edu/stanford/ppl/snaptree/0.1/snaptree-0.1.jar:/Users/daniel/.m2/repository/com/yammer/metrics/metrics-core/2.0.3/metrics-core-2.0.3.jar:/Users/daniel/.m2/repository/log4j/log4j/1.2.16/log4j-1.2.16.jar:/Users/daniel/.m2/repository/org/slf4j/slf4j-log4j12/1.6.1/slf4j-log4j12-1.6.1.jar:/Users/daniel/.m2/repository/com/github/stephenc/jamm/0.2.5/jamm-0.2.5.jar:/Users/daniel/.m2/repository/org/apache/cassandra/cassandra-clientutil/1.1.2/cassandra-clientutil-1.1.2.jar:/Users/daniel/.m2/repository/org/scale7/scale7-pelops/1.3-1.0.x/scale7-pelops-1.3-1.0.x.jar:/Users/daniel/.m2/repository/com/eaio/uuid/uuid/3.2/uuid-3.2.jar:/Users/daniel/.m2/repository/org/scale7/scale7-core/1.3/scale7-core-1.3.jar:/Users/daniel/.m2/repository/commons-pool/commons-pool/1.5.5/commons-pool-1.5.5.jar:/Users/daniel/.m2/repository/org/xerial/snappy/1.0.1-rc4/snappy-1.0.1-rc4.jar:"/>
    <property name="java.specification.name" value="Java Platform API Specification"/>
    <property name="java.class.version" value="50.0"/>
    <property name="sun.management.compiler" value="HotSpot 64-Bit Tiered Compilers"/>
    <property name="os.version" value="10.7.4"/>
    <property name="http.nonProxyHosts" value="local|*.local|169.254/16|*.169.254/16"/>
    <property name="user.home" value="/Users/daniel"/>
    <property name="user.timezone" value="Europe/London"/>
    <property name="java.awt.printerjob" value="apple.awt.CPrinterJob"/>
    <property name="java.specification.version" value="1.6"/>
    <property name="file.encoding" value="MacRoman"/>
    <property name="user.name" value="daniel"/>
    <property name="java.class.path" value="/Users/daniel/Documents/workspace-eclipse/kunderatest/app-package/target/test-classes:/Users/daniel/Documents/workspace-eclipse/kunderatest/app-package/target/classes:/Users/daniel/.m2/repository/example/core/0.0.1-SNAPSHOT/core-0.0.1-SNAPSHOT.jar:/Users/daniel/.m2/repository/junit/junit/4.5/junit-4.5.jar:/Users/daniel/.m2/repository/com/impetus/client/kundera-cassandra/2.0.8-SNAPSHOT/kundera-cassandra-2.0.8-SNAPSHOT.jar:/Users/daniel/.m2/repository/com/impetus/core/kundera-core/2.0.8-SNAPSHOT/kundera-core-2.0.8-SNAPSHOT.jar:/Users/daniel/.m2/repository/commons-lang/commons-lang/2.4/commons-lang-2.4.jar:/Users/daniel/.m2/repository/javax/persistence/persistence-api/2.0/persistence-api-2.0.jar:/Users/daniel/.m2/repository/org/apache/lucene/lucene-core/3.4.0/lucene-core-3.4.0.jar:/Users/daniel/.m2/repository/cglib/cglib/2.2.2/cglib-2.2.2.jar:/Users/daniel/.m2/repository/asm/asm/3.3.1/asm-3.3.1.jar:/Users/daniel/.m2/repository/commons-logging/commons-logging/1.1.1/commons-logging-1.1.1.jar:/Users/daniel/.m2/repository/net/sf/ehcache/ehcache-core/2.5.2/ehcache-core-2.5.2.jar:/Users/daniel/.m2/repository/javassist/javassist/3.9.0.GA/javassist-3.9.0.GA.jar:/Users/daniel/.m2/repository/com/google/guava/guava/r08/guava-r08.jar:/Users/daniel/.m2/repository/org/hibernate/hibernate-core/3.6.8.Final/hibernate-core-3.6.8.Final.jar:/Users/daniel/.m2/repository/antlr/antlr/2.7.6/antlr-2.7.6.jar:/Users/daniel/.m2/repository/commons-collections/commons-collections/3.1/commons-collections-3.1.jar:/Users/daniel/.m2/repository/dom4j/dom4j/1.6.1/dom4j-1.6.1.jar:/Users/daniel/.m2/repository/org/hibernate/hibernate-commons-annotations/3.2.0.Final/hibernate-commons-annotations-3.2.0.Final.jar:/Users/daniel/.m2/repository/org/hibernate/javax/persistence/hibernate-jpa-2.0-api/1.0.1.Final/hibernate-jpa-2.0-api-1.0.1.Final.jar:/Users/daniel/.m2/repository/javax/transaction/jta/1.1/jta-1.1.jar:/Users/daniel/.m2/repository/org/hibernate/hibernate-entitymanager/3.6.8.Final/hibernate-entitymanager-3.6.8.Final.jar:/Users/daniel/.m2/repository/org/cloner/Cloner/1.0.0.B1/Cloner-1.0.0.B1.jar:/Users/daniel/.m2/repository/org/apache/cassandra/cassandra-thrift/1.1.2/cassandra-thrift-1.1.2.jar:/Users/daniel/.m2/repository/org/slf4j/slf4j-api/1.6.1/slf4j-api-1.6.1.jar:/Users/daniel/.m2/repository/org/apache/thrift/libthrift/0.7.0/libthrift-0.7.0.jar:/Users/daniel/.m2/repository/javax/servlet/servlet-api/2.5/servlet-api-2.5.jar:/Users/daniel/.m2/repository/org/apache/httpcomponents/httpclient/4.0.1/httpclient-4.0.1.jar:/Users/daniel/.m2/repository/org/apache/httpcomponents/httpcore/4.0.1/httpcore-4.0.1.jar:/Users/daniel/.m2/repository/org/apache/cassandra/cassandra-all/1.1.2/cassandra-all-1.1.2.jar:/Users/daniel/.m2/repository/org/xerial/snappy/snappy-java/1.0.4.1/snappy-java-1.0.4.1.jar:/Users/daniel/.m2/repository/com/ning/compress-lzf/0.8.4/compress-lzf-0.8.4.jar:/Users/daniel/.m2/repository/commons-cli/commons-cli/1.1/commons-cli-1.1.jar:/Users/daniel/.m2/repository/commons-codec/commons-codec/1.2/commons-codec-1.2.jar:/Users/daniel/.m2/repository/com/googlecode/concurrentlinkedhashmap/concurrentlinkedhashmap-lru/1.3/concurrentlinkedhashmap-lru-1.3.jar:/Users/daniel/.m2/repository/org/antlr/antlr/3.2/antlr-3.2.jar:/Users/daniel/.m2/repository/org/antlr/antlr-runtime/3.2/antlr-runtime-3.2.jar:/Users/daniel/.m2/repository/org/antlr/stringtemplate/3.2/stringtemplate-3.2.jar:/Users/daniel/.m2/repository/org/apache/cassandra/deps/avro/1.4.0-cassandra-1/avro-1.4.0-cassandra-1.jar:/Users/daniel/.m2/repository/org/mortbay/jetty/jetty/6.1.22/jetty-6.1.22.jar:/Users/daniel/.m2/repository/org/mortbay/jetty/jetty-util/6.1.22/jetty-util-6.1.22.jar:/Users/daniel/.m2/repository/org/mortbay/jetty/servlet-api/2.5-20081211/servlet-api-2.5-20081211.jar:/Users/daniel/.m2/repository/org/codehaus/jackson/jackson-core-asl/1.9.2/jackson-core-asl-1.9.2.jar:/Users/daniel/.m2/repository/org/codehaus/jackson/jackson-mapper-asl/1.9.2/jackson-mapper-asl-1.9.2.jar:/Users/daniel/.m2/repository/jline/jline/0.9.94/jline-0.9.94.jar:/Users/daniel/.m2/repository/com/googlecode/json-simple/json-simple/1.1/json-simple-1.1.jar:/Users/daniel/.m2/repository/com/github/stephenc/high-scale-lib/high-scale-lib/1.1.2/high-scale-lib-1.1.2.jar:/Users/daniel/.m2/repository/org/yaml/snakeyaml/1.6/snakeyaml-1.6.jar:/Users/daniel/.m2/repository/edu/stanford/ppl/snaptree/0.1/snaptree-0.1.jar:/Users/daniel/.m2/repository/com/yammer/metrics/metrics-core/2.0.3/metrics-core-2.0.3.jar:/Users/daniel/.m2/repository/log4j/log4j/1.2.16/log4j-1.2.16.jar:/Users/daniel/.m2/repository/org/slf4j/slf4j-log4j12/1.6.1/slf4j-log4j12-1.6.1.jar:/Users/daniel/.m2/repository/com/github/stephenc/jamm/0.2.5/jamm-0.2.5.jar:/Users/daniel/.m2/repository/org/apache/cassandra/cassandra-clientutil/1.1.2/cassandra-clientutil-1.1.2.jar:/Users/daniel/.m2/repository/org/scale7/scale7-pelops/1.3-1.0.x/scale7-pelops-1.3-1.0.x.jar:/Users/daniel/.m2/repository/com/eaio/uuid/uuid/3.2/uuid-3.2.jar:/Users/daniel/.m2/repository/org/scale7/scale7-core/1.3/scale7-core-1.3.jar:/Users/daniel/.m2/repository/commons-pool/commons-pool/1.5.5/commons-pool-1.5.5.jar:/Users/daniel/.m2/repository/org/xerial/snappy/1.0.1-rc4/snappy-1.0.1-rc4.jar:"/>
    <property name="java.vm.specification.version" value="1.0"/>
    <property name="sun.arch.data.model" value="64"/>
    <property name="java.home" value="/System/Library/Java/JavaVirtualMachines/1.6.0.jdk/Contents/Home"/>
    <property name="sun.java.command" value="/Users/daniel/Documents/workspace-eclipse/kunderatest/app-package/target/surefire/surefirebooter4680830734119767749.jar /Users/daniel/Documents/workspace-eclipse/kunderatest/app-package/target/surefire/surefire8013334475351931464tmp /Users/daniel/Documents/workspace-eclipse/kunderatest/app-package/target/surefire/surefire2339134524930597619tmp"/>
    <property name="java.specification.vendor" value="Sun Microsystems Inc."/>
    <property name="user.language" value="en"/>
    <property name="awt.toolkit" value="apple.awt.CToolkit"/>
    <property name="java.vm.info" value="mixed mode"/>
    <property name="java.version" value="1.6.0_33"/>
    <property name="java.ext.dirs" value="/Library/Java/Extensions:/System/Library/Java/Extensions:/System/Library/Java/JavaVirtualMachines/1.6.0.jdk/Contents/Home/lib/ext"/>
    <property name="sun.boot.class.path" value="/System/Library/Java/JavaVirtualMachines/1.6.0.jdk/Contents/Classes/jsfd.jar:/System/Library/Java/JavaVirtualMachines/1.6.0.jdk/Contents/Classes/classes.jar:/System/Library/Frameworks/JavaVM.framework/Frameworks/JavaRuntimeSupport.framework/Resources/Java/JavaRuntimeSupport.jar:/System/Library/Java/JavaVirtualMachines/1.6.0.jdk/Contents/Classes/ui.jar:/System/Library/Java/JavaVirtualMachines/1.6.0.jdk/Contents/Classes/laf.jar:/System/Library/Java/JavaVirtualMachines/1.6.0.jdk/Contents/Classes/sunrsasign.jar:/System/Library/Java/JavaVirtualMachines/1.6.0.jdk/Contents/Classes/jsse.jar:/System/Library/Java/JavaVirtualMachines/1.6.0.jdk/Contents/Classes/jce.jar:/System/Library/Java/JavaVirtualMachines/1.6.0.jdk/Contents/Classes/charsets.jar"/>
    <property name="java.vendor" value="Apple Inc."/>
    <property name="localRepository" value="/Users/daniel/.m2/repository"/>
    <property name="file.separator" value="/"/>
    <property name="java.vendor.url.bug" value="http://bugreport.apple.com/"/>
    <property name="sun.cpu.endian" value="little"/>
    <property name="sun.io.unicode.encoding" value="UnicodeLittle"/>
    <property name="mrj.version" value="1070.1.6.0_33-424"/>
    <property name="socksNonProxyHosts" value="local|*.local|169.254/16|*.169.254/16"/>
    <property name="ftp.nonProxyHosts" value="local|*.local|169.254/16|*.169.254/16"/>
    <property name="sun.cpu.isalist" value=""/>
  </properties>
  <testcase time="0.615" classname="example.Test1" name="testNewItem">
    <error message="java.lang.NullPointerException" type="com.impetus.kundera.KunderaException">com.impetus.kundera.KunderaException: java.lang.NullPointerException
	at com.impetus.kundera.persistence.EntityManagerImpl.persist(EntityManagerImpl.java:285)
	at example.Test1.testNewItem(Test1.java:24)
	at sun.reflect.NativeMethodAccessorImpl.invoke0(Native Method)
	at sun.reflect.NativeMethodAccessorImpl.invoke(NativeMethodAccessorImpl.java:39)
	at sun.reflect.DelegatingMethodAccessorImpl.invoke(DelegatingMethodAccessorImpl.java:25)
	at java.lang.reflect.Method.invoke(Method.java:597)
	at org.junit.runners.model.FrameworkMethod$1.runReflectiveCall(FrameworkMethod.java:44)
	at org.junit.internal.runners.model.ReflectiveCallable.run(ReflectiveCallable.java:15)
	at org.junit.runners.model.FrameworkMethod.invokeExplosively(FrameworkMethod.java:41)
	at org.junit.internal.runners.statements.InvokeMethod.evaluate(InvokeMethod.java:20)
	at org.junit.internal.runners.statements.RunBefores.evaluate(RunBefores.java:28)
	at org.junit.internal.runners.statements.RunAfters.evaluate(RunAfters.java:31)
	at org.junit.runners.BlockJUnit4ClassRunner.runChild(BlockJUnit4ClassRunner.java:73)
	at org.junit.runners.BlockJUnit4ClassRunner.runChild(BlockJUnit4ClassRunner.java:46)
	at org.junit.runners.ParentRunner.runChildren(ParentRunner.java:180)
	at org.junit.runners.ParentRunner.access$000(ParentRunner.java:41)
	at org.junit.runners.ParentRunner$1.evaluate(ParentRunner.java:173)
	at org.junit.internal.runners.statements.RunBefores.evaluate(RunBefores.java:28)
	at org.junit.internal.runners.statements.RunAfters.evaluate(RunAfters.java:31)
	at org.junit.runners.ParentRunner.run(ParentRunner.java:220)
	at org.apache.maven.surefire.junit4.JUnit4TestSet.execute(JUnit4TestSet.java:35)
	at org.apache.maven.surefire.junit4.JUnit4Provider.executeTestSet(JUnit4Provider.java:115)
	at org.apache.maven.surefire.junit4.JUnit4Provider.invoke(JUnit4Provider.java:97)
	at sun.reflect.NativeMethodAccessorImpl.invoke0(Native Method)
	at sun.reflect.NativeMethodAccessorImpl.invoke(NativeMethodAccessorImpl.java:39)
	at sun.reflect.DelegatingMethodAccessorImpl.invoke(DelegatingMethodAccessorImpl.java:25)
	at java.lang.reflect.Method.invoke(Method.java:597)
	at org.apache.maven.surefire.booter.ProviderFactory$ClassLoaderProxy.invoke(ProviderFactory.java:103)
	at $Proxy0.invoke(Unknown Source)
	at org.apache.maven.surefire.booter.SurefireStarter.invokeProvider(SurefireStarter.java:150)
	at org.apache.maven.surefire.booter.SurefireStarter.runSuitesInProcess(SurefireStarter.java:91)
	at org.apache.maven.surefire.booter.ForkedBooter.main(ForkedBooter.java:69)
Caused by: java.lang.NullPointerException
	at com.impetus.kundera.persistence.event.EntityEventDispatcher.fireEventListeners(EntityEventDispatcher.java:53)
	at com.impetus.kundera.persistence.PersistenceDelegator.persist(PersistenceDelegator.java:134)
	at com.impetus.kundera.persistence.EntityManagerImpl.persist(EntityManagerImpl.java:279)
	... 31 more
</error>
    <system-out>@HL
@HL-------------------------------------------------------
@HL T E S T S
@HL-------------------------------------------------------
@SLRunning example.Test1
class path is /Users/daniel/Documents/workspace-eclipse/kunderatest/app-package/target/test-classes:/Users/daniel/Documents/workspace-eclipse/kunderatest/app-package/target/classes:/Users/daniel/.m2/repository/example/core/0.0.1-SNAPSHOT/core-0.0.1-SNAPSHOT.jar:/Users/daniel/.m2/repository/junit/junit/4.5/junit-4.5.jar:/Users/daniel/.m2/repository/com/impetus/client/kundera-cassandra/2.0.8-SNAPSHOT/kundera-cassandra-2.0.8-SNAPSHOT.jar:/Users/daniel/.m2/repository/com/impetus/core/kundera-core/2.0.8-SNAPSHOT/kundera-core-2.0.8-SNAPSHOT.jar:/Users/daniel/.m2/repository/commons-lang/commons-lang/2.4/commons-lang-2.4.jar:/Users/daniel/.m2/repository/javax/persistence/persistence-api/2.0/persistence-api-2.0.jar:/Users/daniel/.m2/repository/org/apache/lucene/lucene-core/3.4.0/lucene-core-3.4.0.jar:/Users/daniel/.m2/repository/cglib/cglib/2.2.2/cglib-2.2.2.jar:/Users/daniel/.m2/repository/asm/asm/3.3.1/asm-3.3.1.jar:/Users/daniel/.m2/repository/commons-logging/commons-logging/1.1.1/commons-logging-1.1.1.jar:/Users/daniel/.m2/repository/net/sf/ehcache/ehcache-core/2.5.2/ehcache-core-2.5.2.jar:/Users/daniel/.m2/repository/javassist/javassist/3.9.0.GA/javassist-3.9.0.GA.jar:/Users/daniel/.m2/repository/com/google/guava/guava/r08/guava-r08.jar:/Users/daniel/.m2/repository/org/hibernate/hibernate-core/3.6.8.Final/hibernate-core-3.6.8.Final.jar:/Users/daniel/.m2/repository/antlr/antlr/2.7.6/antlr-2.7.6.jar:/Users/daniel/.m2/repository/commons-collections/commons-collections/3.1/commons-collections-3.1.jar:/Users/daniel/.m2/repository/dom4j/dom4j/1.6.1/dom4j-1.6.1.jar:/Users/daniel/.m2/repository/org/hibernate/hibernate-commons-annotations/3.2.0.Final/hibernate-commons-annotations-3.2.0.Final.jar:/Users/daniel/.m2/repository/org/hibernate/javax/persistence/hibernate-jpa-2.0-api/1.0.1.Final/hibernate-jpa-2.0-api-1.0.1.Final.jar:/Users/daniel/.m2/repository/javax/transaction/jta/1.1/jta-1.1.jar:/Users/daniel/.m2/repository/org/hibernate/hibernate-entitymanager/3.6.8.Final/hibernate-entitymanager-3.6.8.Final.jar:/Users/daniel/.m2/repository/org/cloner/Cloner/1.0.0.B1/Cloner-1.0.0.B1.jar:/Users/daniel/.m2/repository/org/apache/cassandra/cassandra-thrift/1.1.2/cassandra-thrift-1.1.2.jar:/Users/daniel/.m2/repository/org/slf4j/slf4j-api/1.6.1/slf4j-api-1.6.1.jar:/Users/daniel/.m2/repository/org/apache/thrift/libthrift/0.7.0/libthrift-0.7.0.jar:/Users/daniel/.m2/repository/javax/servlet/servlet-api/2.5/servlet-api-2.5.jar:/Users/daniel/.m2/repository/org/apache/httpcomponents/httpclient/4.0.1/httpclient-4.0.1.jar:/Users/daniel/.m2/repository/org/apache/httpcomponents/httpcore/4.0.1/httpcore-4.0.1.jar:/Users/daniel/.m2/repository/org/apache/cassandra/cassandra-all/1.1.2/cassandra-all-1.1.2.jar:/Users/daniel/.m2/repository/org/xerial/snappy/snappy-java/1.0.4.1/snappy-java-1.0.4.1.jar:/Users/daniel/.m2/repository/com/ning/compress-lzf/0.8.4/compress-lzf-0.8.4.jar:/Users/daniel/.m2/repository/commons-cli/commons-cli/1.1/commons-cli-1.1.jar:/Users/daniel/.m2/repository/commons-codec/commons-codec/1.2/commons-codec-1.2.jar:/Users/daniel/.m2/repository/com/googlecode/concurrentlinkedhashmap/concurrentlinkedhashmap-lru/1.3/concurrentlinkedhashmap-lru-1.3.jar:/Users/daniel/.m2/repository/org/antlr/antlr/3.2/antlr-3.2.jar:/Users/daniel/.m2/repository/org/antlr/antlr-runtime/3.2/antlr-runtime-3.2.jar:/Users/daniel/.m2/repository/org/antlr/stringtemplate/3.2/stringtemplate-3.2.jar:/Users/daniel/.m2/repository/org/apache/cassandra/deps/avro/1.4.0-cassandra-1/avro-1.4.0-cassandra-1.jar:/Users/daniel/.m2/repository/org/mortbay/jetty/jetty/6.1.22/jetty-6.1.22.jar:/Users/daniel/.m2/repository/org/mortbay/jetty/jetty-util/6.1.22/jetty-util-6.1.22.jar:/Users/daniel/.m2/repository/org/mortbay/jetty/servlet-api/2.5-20081211/servlet-api-2.5-20081211.jar:/Users/daniel/.m2/repository/org/codehaus/jackson/jackson-core-asl/1.9.2/jackson-core-asl-1.9.2.jar:/Users/daniel/.m2/repository/org/codehaus/jackson/jackson-mapper-asl/1.9.2/jackson-mapper-asl-1.9.2.jar:/Users/daniel/.m2/repository/jline/jline/0.9.94/jline-0.9.94.jar:/Users/daniel/.m2/repository/com/googlecode/json-simple/json-simple/1.1/json-simple-1.1.jar:/Users/daniel/.m2/repository/com/github/stephenc/high-scale-lib/high-scale-lib/1.1.2/high-scale-lib-1.1.2.jar:/Users/daniel/.m2/repository/org/yaml/snakeyaml/1.6/snakeyaml-1.6.jar:/Users/daniel/.m2/repository/edu/stanford/ppl/snaptree/0.1/snaptree-0.1.jar:/Users/daniel/.m2/repository/com/yammer/metrics/metrics-core/2.0.3/metrics-core-2.0.3.jar:/Users/daniel/.m2/repository/log4j/log4j/1.2.16/log4j-1.2.16.jar:/Users/daniel/.m2/repository/org/slf4j/slf4j-log4j12/1.6.1/slf4j-log4j12-1.6.1.jar:/Users/daniel/.m2/repository/com/github/stephenc/jamm/0.2.5/jamm-0.2.5.jar:/Users/daniel/.m2/repository/org/apache/cassandra/cassandra-clientutil/1.1.2/cassandra-clientutil-1.1.2.jar:/Users/daniel/.m2/repository/org/scale7/scale7-pelops/1.3-1.0.x/scale7-pelops-1.3-1.0.x.jar:/Users/daniel/.m2/repository/com/eaio/uuid/uuid/3.2/uuid-3.2.jar:/Users/daniel/.m2/repository/org/scale7/scale7-core/1.3/scale7-core-1.3.jar:/Users/daniel/.m2/repository/commons-pool/commons-pool/1.5.5/commons-pool-1.5.5.jar:/Users/daniel/.m2/repository/org/xerial/snappy/1.0.1-rc4/snappy-1.0.1-rc4.jar:
2012-07-30 12:12:11,433 [INFO ] [main] com.impetus.kundera.KunderaPersistence  - Loading Core
2012-07-30 12:12:11,436 [INFO ] [main] com.impetus.kundera.loader.CoreLoader  - Loading Kundera Core Metdata ... 
2012-07-30 12:12:11,443 [INFO ] [main] com.impetus.kundera.KunderaPersistence  - Loading Application MetaData and Initializing Client(s) For Persistence Unit(s) cassandra
2012-07-30 12:12:11,450 [INFO ] [main] com.impetus.kundera.configure.PersistenceUnitConfiguration  - Loading Metadata from persistence.xml ...
2012-07-30 12:12:11,580 [INFO ] [main] com.impetus.kundera.configure.PersistenceUnitConfiguration  - Finishing persistence unit metadata configuration ...
2012-07-30 12:12:11,580 [INFO ] [main] com.impetus.kundera.configure.ClientFactoryConfiguraton  - Loading Client(s) For Persistence Unit(s) cassandra
2012-07-30 12:12:11,581 [INFO ] [main] com.impetus.kundera.client.ClientResolver  - Initializing client factory for: cassandra
2012-07-30 12:12:11,588 [INFO ] [main] com.impetus.kundera.client.ClientResolver  - Finishing factory initialization
2012-07-30 12:12:11,589 [INFO ] [main] com.impetus.kundera.loader.GenericClientFactory  - Loading client metadata for persistence unit : cassandra
2012-07-30 12:12:11,589 [INFO ] [main] com.impetus.kundera.loader.GenericClientFactory  - Initializing client for persistence unit : cassandra
2012-07-30 12:12:11,589 [INFO ] [main] com.impetus.client.cassandra.pelops.PelopsClientFactory  - Initializing Threadsafe Indexmanager. Is it really threadsafe?
2012-07-30 12:12:11,630 [INFO ] [main] com.impetus.client.cassandra.config.CassandraPropertyReader  - No property file found in class path, kundera will use default property
2012-07-30 12:12:11,630 [INFO ] [main] com.impetus.kundera.loader.GenericClientFactory  - Constructing pool for persistence unit : cassandra
2012-07-30 12:12:11,643 [INFO ] [main] org.scale7.cassandra.pelops.Cluster  - Dynamic node discovery is disabled, using [localhost] as a static list of nodes
2012-07-30 12:12:11,660 [INFO ] [main] org.scale7.cassandra.pelops.pool.CommonsBackedPool  - Initialising pool configuration policy: Config{maxActivePerNode=20, maxTotal=-1, maxIdlePerNode=10, minIdlePerNode=10, maxWaitForConnection=4000, testConnectionsWhileIdle=true, timeBetweenScheduledMaintenanceTaskRunsMillis=60000, nodeDownSuspensionMillis=10000}
2012-07-30 12:12:11,661 [INFO ] [main] org.scale7.cassandra.pelops.pool.CommonsBackedPool  - Initialising pool node selection strategy: org.scale7.cassandra.pelops.pool.LeastLoadedNodeSelectionStrategy@63cd66ea
2012-07-30 12:12:11,662 [INFO ] [main] org.scale7.cassandra.pelops.pool.CommonsBackedPool  - Initialising pool node suspension strategy: org.scale7.cassandra.pelops.pool.NoOpNodeSuspensionStrategy@36f0b7f8
2012-07-30 12:12:11,663 [INFO ] [main] org.scale7.cassandra.pelops.pool.CommonsBackedPool  - Initialising pool connection validator: org.scale7.cassandra.pelops.pool.DescribeVersionConnectionValidator@12d56b37
2012-07-30 12:12:11,682 [INFO ] [main] org.scale7.cassandra.pelops.pool.CommonsBackedPool  - Pre-initialising connections for nodes: [localhost:9160]
2012-07-30 12:12:11,682 [INFO ] [main] org.scale7.cassandra.pelops.pool.CommonsBackedPool  - Adding node &apos;localhost&apos; to the pool...
2012-07-30 12:12:11,742 [INFO ] [main] org.scale7.cassandra.pelops.pool.CommonsBackedPool  - Registering MBean &apos;com.scale7.cassandra.pelops.pool:type=PooledNode-example-localhost&apos;...
2012-07-30 12:12:11,805 [INFO ] [main] org.scale7.cassandra.pelops.pool.CommonsBackedPool  - Running maintenance tasks during initialization...
2012-07-30 12:12:11,813 [INFO ] [main] org.scale7.cassandra.pelops.pool.CommonsBackedPool  - Configuring scheduled tasks to run every 60000 milliseconds
2012-07-30 12:12:11,821 [INFO ] [main] org.scale7.cassandra.pelops.pool.CommonsBackedPool  - Registering MBean &apos;com.scale7.cassandra.pelops.pool:type=Pool-example&apos;...
2012-07-30 12:12:11,822 [INFO ] [main] org.scale7.cassandra.pelops.Pelops  - Pelops adds new pool localhost:9160:example
CLASSES TO SCAN : [core.Thing]
RESOURCES : 1
RESOURCES SET: 1
RESOURCE : file:/Users/daniel/Documents/workspace-eclipse/kunderatest/app-package/target/test-classes/
2012-07-30 12:12:11,861 [INFO ] [main] com.impetus.kundera.configure.SchemaConfiguration  - Configuring schema export for: cassandra
2012-07-30 12:12:11,891 [INFO ] [main] com.impetus.kundera.persistence.EntityManagerFactoryImpl  - EntityManagerFactory created for persistence unit : cassandra
2012-07-30 12:12:11,914 [INFO ] [main] com.impetus.kundera.client.ClientResolver  - Returning client instance for:cassandra
2012-07-30 12:12:11,926 [WARN ] [main] com.impetus.kundera.metadata.KunderaMetadataManager  - No Entity metadata found for the class class core.Thing. Any CRUD operation on this entity will fail.If your entity is for RDBMS, make sure you put fully qualified entity class name under &lt;class&gt;&lt;/class&gt; tag in persistence.xml for RDBMS persistence unit. Returning null value.
</system-out>
  </testcase>
</testsuite>